<?xml version="1.0" encoding="UTF-8"?>
<!-- Generated by org.testng.reporters.JUnitReportReporter -->
<testsuite hostname="ABHISEK_BERA" failures="0" tests="1" name="runner.ShortlistRunner" time="78.531" errors="0" timestamp="2024-10-03T02:39:25 IST" skipped="0">
  <testcase classname="runner.ShortlistRunner" name="runScenario" time="78.531"/>
</testsuite> <!-- runner.ShortlistRunner -->
