<?xml version="1.0" encoding="UTF-8"?>
<!-- Generated by org.testng.reporters.JUnitReportReporter -->
<testsuite hostname="WKSPUN05GTR0504" failures="0" tests="1" name="runner.NewTest" time="24.588" errors="0" timestamp="2024-10-01T14:37:35 IST" skipped="0">
  <testcase classname="runner.NewTest" name="runScenario" time="24.588"/>
</testsuite> <!-- runner.NewTest -->
