<?xml version="1.0" encoding="UTF-8"?>
<!-- Generated by org.testng.reporters.JUnitReportReporter -->
<testsuite hostname="ABHISEK_BERA" failures="0" tests="1" name="runner.HomepageRunner" time="60.715" errors="0" timestamp="2024-10-03T02:01:32 IST" skipped="0">
  <testcase classname="runner.HomepageRunner" name="runScenario" time="60.715"/>
</testsuite> <!-- runner.HomepageRunner -->
